{"name":"Log","hostname":"7e82ee724799","pid":1,"level":30,"msg":"Creating table: posts ","time":"2019-03-05T23:05:22.101Z","v":0}
{"name":"Log","hostname":"7e82ee724799","pid":1,"level":30,"msg":"Creating table: users ","time":"2019-03-05T23:05:22.150Z","v":0}
{"name":"Log","hostname":"7e82ee724799","pid":1,"level":30,"msg":"Creating table: posts_authors ","time":"2019-03-05T23:05:22.225Z","v":0}
{"name":"Log","hostname":"7e82ee724799","pid":1,"level":30,"msg":"Creating table: roles ","time":"2019-03-05T23:05:22.251Z","v":0}
{"name":"Log","hostname":"7e82ee724799","pid":1,"level":30,"msg":"Creating table: roles_users ","time":"2019-03-05T23:05:22.301Z","v":0}
{"name":"Log","hostname":"7e82ee724799","pid":1,"level":30,"msg":"Creating table: permissions ","time":"2019-03-05T23:05:22.326Z","v":0}
{"name":"Log","hostname":"7e82ee724799","pid":1,"level":30,"msg":"Creating table: permissions_users ","time":"2019-03-05T23:05:22.383Z","v":0}
{"name":"Log","hostname":"7e82ee724799","pid":1,"level":30,"msg":"Creating table: permissions_roles ","time":"2019-03-05T23:05:22.409Z","v":0}
{"name":"Log","hostname":"7e82ee724799","pid":1,"level":30,"msg":"Creating table: permissions_apps ","time":"2019-03-05T23:05:22.435Z","v":0}
{"name":"Log","hostname":"7e82ee724799","pid":1,"level":30,"msg":"Creating table: settings ","time":"2019-03-05T23:05:22.460Z","v":0}
{"name":"Log","hostname":"7e82ee724799","pid":1,"level":30,"msg":"Creating table: tags ","time":"2019-03-05T23:05:22.512Z","v":0}
{"name":"Log","hostname":"7e82ee724799","pid":1,"level":30,"msg":"Creating table: posts_tags ","time":"2019-03-05T23:05:22.562Z","v":0}
{"name":"Log","hostname":"7e82ee724799","pid":1,"level":30,"msg":"Creating table: apps ","time":"2019-03-05T23:05:22.589Z","v":0}
{"name":"Log","hostname":"7e82ee724799","pid":1,"level":30,"msg":"Creating table: app_settings ","time":"2019-03-05T23:05:22.660Z","v":0}
{"name":"Log","hostname":"7e82ee724799","pid":1,"level":30,"msg":"Creating table: app_fields ","time":"2019-03-05T23:05:22.710Z","v":0}
{"name":"Log","hostname":"7e82ee724799","pid":1,"level":30,"msg":"Creating table: clients ","time":"2019-03-05T23:05:22.740Z","v":0}
{"name":"Log","hostname":"7e82ee724799","pid":1,"level":30,"msg":"Creating table: client_trusted_domains ","time":"2019-03-05T23:05:22.810Z","v":0}
{"name":"Log","hostname":"7e82ee724799","pid":1,"level":30,"msg":"Creating table: accesstokens ","time":"2019-03-05T23:05:22.842Z","v":0}
{"name":"Log","hostname":"7e82ee724799","pid":1,"level":30,"msg":"Creating table: refreshtokens ","time":"2019-03-05T23:05:22.891Z","v":0}
{"name":"Log","hostname":"7e82ee724799","pid":1,"level":30,"msg":"Creating table: subscribers ","time":"2019-03-05T23:05:22.948Z","v":0}
{"name":"Log","hostname":"7e82ee724799","pid":1,"level":30,"msg":"Creating table: invites ","time":"2019-03-05T23:05:23.000Z","v":0}
{"name":"Log","hostname":"7e82ee724799","pid":1,"level":30,"msg":"Creating table: brute ","time":"2019-03-05T23:05:23.070Z","v":0}
{"name":"Log","hostname":"7e82ee724799","pid":1,"level":30,"msg":"Creating table: webhooks ","time":"2019-03-05T23:05:23.094Z","v":0}
{"name":"Log","hostname":"7e82ee724799","pid":1,"level":30,"msg":"Creating table: sessions ","time":"2019-03-05T23:05:23.119Z","v":0}
{"name":"Log","hostname":"7e82ee724799","pid":1,"level":30,"msg":"Creating table: integrations ","time":"2019-03-05T23:05:23.164Z","v":0}
{"name":"Log","hostname":"7e82ee724799","pid":1,"level":30,"msg":"Creating table: api_keys ","time":"2019-03-05T23:05:23.215Z","v":0}
{"name":"Log","hostname":"7e82ee724799","pid":1,"level":30,"msg":"Creating table: mobiledoc_revisions ","time":"2019-03-05T23:05:23.265Z","v":0}
{"name":"Log","hostname":"7e82ee724799","pid":1,"level":30,"msg":"Creating table: members ","time":"2019-03-05T23:05:23.311Z","v":0}
{"name":"Log","hostname":"7e82ee724799","pid":1,"level":30,"msg":"Creating table: actions ","time":"2019-03-05T23:05:23.362Z","v":0}
{"name":"Log","hostname":"7e82ee724799","pid":1,"level":30,"msg":"Model: Tag ","time":"2019-03-05T23:05:23.417Z","v":0}
{"name":"Log","hostname":"7e82ee724799","pid":1,"level":30,"msg":"Model: Client ","time":"2019-03-05T23:05:23.472Z","v":0}
{"name":"Log","hostname":"7e82ee724799","pid":1,"level":30,"msg":"Model: Role ","time":"2019-03-05T23:05:23.509Z","v":0}
{"name":"Log","hostname":"7e82ee724799","pid":1,"level":30,"msg":"Model: Permission ","time":"2019-03-05T23:05:23.549Z","v":0}
{"name":"Log","hostname":"7e82ee724799","pid":1,"level":30,"msg":"Model: User ","time":"2019-03-05T23:05:23.728Z","v":0}
{"name":"Log","hostname":"7e82ee724799","pid":1,"level":30,"msg":"Model: Post ","time":"2019-03-05T23:05:25.855Z","v":0}
{"name":"Log","hostname":"7e82ee724799","pid":1,"level":30,"msg":"Model: Integration ","time":"2019-03-05T23:05:26.100Z","v":0}
{"name":"Log","hostname":"7e82ee724799","pid":1,"level":30,"msg":"Relation: Role to Permission ","time":"2019-03-05T23:05:26.114Z","v":0}
{"name":"Log","hostname":"7e82ee724799","pid":1,"level":30,"msg":"Relation: Post to Tag ","time":"2019-03-05T23:05:26.312Z","v":0}
{"name":"Log","hostname":"7e82ee724799","pid":1,"level":30,"msg":"Relation: User to Role ","time":"2019-03-05T23:05:26.341Z","v":0}
{"name":"Log","hostname":"7e82ee724799","pid":1,"level":40,"msg":"Theme's file locales/en.json not found. ","time":"2019-03-05T23:05:28.036Z","v":0}
{"name":"Log","hostname":"7e82ee724799","pid":1,"level":30,"msg":"Ghost is running in production... ","time":"2019-03-05T23:05:28.474Z","v":0}
{"name":"Log","hostname":"7e82ee724799","pid":1,"level":30,"msg":"Your blog is now available on http://localhost:2368/ ","time":"2019-03-05T23:05:28.475Z","v":0}
{"name":"Log","hostname":"7e82ee724799","pid":1,"level":30,"msg":"Ctrl+C to shut down ","time":"2019-03-05T23:05:28.476Z","v":0}
{"name":"Log","hostname":"7e82ee724799","pid":1,"level":30,"msg":"Ghost boot 7.451s ","time":"2019-03-05T23:05:28.478Z","v":0}
{"name":"Log","hostname":"7e82ee724799","pid":1,"level":40,"msg":"Ghost has shut down ","time":"2019-03-05T23:05:37.747Z","v":0}
